make all --print-data-base --no-builtin-variables --no-builtin-rules --question
# GNU Make 3.81
# Copyright (C) 2006  Free Software Foundation, Inc.
# This is free software; see the source for copying conditions.
# There is NO warranty; not even for MERCHANTABILITY or FITNESS FOR A
# PARTICULAR PURPOSE.

# This program built for i386-apple-darwin11.3.0
 

# Make data base, printed on Fri Aug 12 09:17:04 2022

# Variables

# automatic
<D = $(patsubst %/,%,$(dir $<))
# automatic
?F = $(notdir $?)
# environment
ELECTRON_NO_ATTACH_CONSOLE = 1
# environment
LC_CTYPE = UTF-8
# environment
NVM_INC = /Users/teq-macbook/.nvm/versions/node/v16.10.0/include/node
# automatic
?D = $(patsubst %/,%,$(dir $?))
# automatic
@D = $(patsubst %/,%,$(dir $@))
# automatic
@F = $(notdir $@)
# makefile
CURDIR := /Users/teq-macbook/Documents/Lab/vd/echo2
# makefile
SHELL = /bin/sh
# environment
VSCODE_NLS_CONFIG = {"locale":"en-us","availableLanguages":{},"_languagePackSupport":true}
# environment
_ = /usr/bin/make
# makefile (from `Makefile', line 1)
MAKEFILE_LIST :=  Makefile
# environment
VSCODE_AMD_ENTRYPOINT = vs/workbench/api/node/extensionHostProcess
# environment
AUTOJUMP_SOURCED = 1
# environment
__CFBundleIdentifier = com.microsoft.VSCode
# environment
VSCODE_CWD = /Users/teq-macbook/Documents/Lab/vd/echo2
# environment
GOPROXY = https://proxy.golang.org,direct
# environment
PATH = /Users/teq-macbook/.nvm/versions/node/v16.10.0/bin:/Users/teq-macbook/.rd/bin:/Users/teq-macbook/mambaforge/bin:/Users/teq-macbook/mambaforge/condabin:/opt/homebrew/opt/pyqt@5/5.15.4_1/bin:/opt/homebrew/opt/qt@5/bin:/Users/teq-macbook/go/bin:/Users/teq-macbook/.serverless/bin:/opt/homebrew/bin:/Users/teq-macbook/.autojump/bin:/Users/teq-macbook/.autojump/bin:/Users/teq-macbook/.autojump/bin:/usr/local/bin:/usr/bin:/bin:/usr/sbin:/sbin:/usr/local/go/bin
# environment
LSCOLORS = Gxfxcxdxbxegedabagacad
# environment
GOPATH = /Users/teq-macbook/go
# environment
NVM_BIN = /Users/teq-macbook/.nvm/versions/node/v16.10.0/bin
# environment
LaunchInstanceID = 55665F7A-EA5B-4D5E-A459-CD1E82514684
# environment
ELECTRON_RUN_AS_NODE = 1
# default
.FEATURES := target-specific order-only second-expansion else-if archives jobserver check-symlink
# environment
SSH_AUTH_SOCK = /private/tmp/com.apple.launchd.FDhsYLiYeB/Listeners
# automatic
%F = $(notdir $%)
# environment
CONDA_EXE = /Users/teq-macbook/mambaforge/bin/conda
# environment
PWD = /Users/teq-macbook/Documents/Lab/vd/echo2
# environment
ORIGINAL_XDG_CURRENT_DESKTOP = undefined
# environment
GOMODCACHE = /Users/teq-macbook/go/pkg/mod
# environment
HOME = /Users/teq-macbook
# default
MAKEFILEPATH = $(shell /usr/bin/xcode-select -print-path 2>/dev/null || echo /Developer)/Makefiles
# environment
VSCODE_CLI = 1
# environment
VSCODE_CODE_CACHE_PATH = /Users/teq-macbook/Library/Application Support/Code/CachedData/6d9b74a70ca9c7733b29f0456fd8195364076dda
# environment
LOGNAME = teq-macbook
# environment
APPLICATION_INSIGHTS_NO_DIAGNOSTIC_CHANNEL = true
# environment
CONDA_PROMPT_MODIFIER = (base) 
# environment
NVM_CD_FLAGS = -q
# environment
ZSH = /Users/teq-macbook/.oh-my-zsh
# environment
VSCODE_HANDLES_UNCAUGHT_ERRORS = true
# automatic
^D = $(patsubst %/,%,$(dir $^))
# environment
CONDA_DEFAULT_ENV = base
# environment
XPC_FLAGS = 0x0
# environment
COLORTERM = truecolor
# default
MAKE = $(MAKE_COMMAND)
# environment
LC_TERMINAL = iTerm2
# environment
SHLVL = 3
# default
MAKE_VERSION := 3.81
# environment
USER = teq-macbook
# makefile
.DEFAULT_GOAL := build
# default
MAKECMDGOALS := all
# environment
TERM_SESSION_ID = w0t2p0:FCDA94B1-AFE1-4CC9-BA83-4EF361EC2739
# environment
LESS = -R
# automatic
%D = $(patsubst %/,%,$(dir $%))
# environment
CONDA_SHLVL = 1
# default
MAKE_COMMAND := /Library/Developer/CommandLineTools/usr/bin/make
# environment
TERM_PROGRAM = iTerm.app
# default
.VARIABLES := 
# environment
TMPDIR = /var/folders/yy/k0l01ct92knczy1dzrzt8gjh0000gn/T/
# automatic
*F = $(notdir $*)
# environment
VSCODE_IPC_HOOK = /Users/teq-macbook/Library/Application Support/Code/1.70.1-main.sock
# environment
MallocNanoZone = 0
# makefile
MAKEFLAGS = Rrqp
# environment
MFLAGS = -Rrqp
# automatic
*D = $(patsubst %/,%,$(dir $*))
# environment
TERM_PROGRAM_VERSION = 3.4.16
# environment
NVM_DIR = /Users/teq-macbook/.nvm
# environment
XPC_SERVICE_NAME = application.com.microsoft.VSCode.15136274.15136280.F955E708-758E-4717-BFB6-E159E1A2593B
# environment
LC_TERMINAL_VERSION = 3.4.16
# automatic
+D = $(patsubst %/,%,$(dir $+))
# automatic
+F = $(notdir $+)
# environment
ITERM_SESSION_ID = w0t2p0:FCDA94B1-AFE1-4CC9-BA83-4EF361EC2739
# environment
COLORFGBG = 15;0
# environment
__CF_USER_TEXT_ENCODING = 0x1F5:0x0:0x0
# environment
COMMAND_MODE = unix2003
# default
MAKEFILES := 
# automatic
<F = $(notdir $<)
# environment
ITERM_PROFILE = Default
# environment
GOPRIVATE = git.teqnological.asia/kpfm/server-side/pkg.git
# environment
PAGER = less
# environment
LC_ALL = C
# environment
CONDA_PYTHON_EXE = /Users/teq-macbook/mambaforge/bin/python
# environment
SECURITYSESSIONID = 186a7
# automatic
^F = $(notdir $^)
# default
SUFFIXES := 
# environment
_CE_M = 
# environment
MAKELEVEL := 0
# environment
AUTOJUMP_ERROR_PATH = /Users/teq-macbook/Library/autojump/errors.log
# environment
CONDA_PREFIX = /Users/teq-macbook/mambaforge
# environment
TERM = xterm-256color
# environment
VSCODE_PID = 61161
# environment
_CE_CONDA = 
# environment
LANG = C
# variable set hash-table stats:
# Load=94/1024=9%, Rehash=0, Collisions=6/117=5%

# Pattern-specific Variable Values

# No pattern-specific variable values.

# Directories

# . (device 16777233, inode 11732571): 17 files, no impossibilities.

# 17 files, no impossibilities in 1 directories.

# Implicit Rules

# No implicit rules.

# Files

# Not a target:
all:
#  Command-line target.
#  Implicit rule search has been done.
#  File does not exist.
#  File has not been updated.
# variable set hash-table stats:
# Load=0/32=0%, Rehash=0, Collisions=0/0=0%

# Not a target:
.SUFFIXES:
#  Implicit rule search has not been done.
#  Modification time never checked.
#  File has not been updated.

# Not a target:
Makefile:
#  Implicit rule search has been done.
#  Last modified 2022-07-20 15:59:41
#  File has been updated.
#  Successfully updated.
# variable set hash-table stats:
# Load=0/32=0%, Rehash=0, Collisions=0/0=0%

build:
#  Implicit rule search has not been done.
#  Modification time never checked.
#  File has not been updated.
#  commands to execute (from `Makefile', line 2):
	docker build --tag k3d-arm-registry.localhost:59873/arm-echo -f prod.Dockerfile .
	docker push k3d-arm-registry.localhost:59873/arm-echo:latest
	docker rmi k3d-arm-registry.localhost:59873/arm-echo
	

# Not a target:
.DEFAULT:
#  Implicit rule search has not been done.
#  Modification time never checked.
#  File has not been updated.

deploy:
#  Implicit rule search has not been done.
#  Modification time never checked.
#  File has not been updated.
#  commands to execute (from `Makefile', line 6):
	kubectl apply --filename k3d/deploy.yaml
	kubectl apply --filename k3d/ingress.yaml
	kubectl apply --filename k3d/service.yaml
	kubectl apply --filename k3d/app.yaml
	

# files hash-table stats:
# Load=6/1024=1%, Rehash=0, Collisions=0/18=0%
# VPATH Search Paths

# No `vpath' search paths.

# No general (`VPATH' variable) search path.

# # of strings in strcache: 1
# # of strcache buffers: 1
# strcache size: total = 4096 / max = 4096 / min = 4096 / avg = 4096
# strcache free: total = 4087 / max = 4087 / min = 4087 / avg = 4087

# Finished Make data base on Fri Aug 12 09:17:04 2022

 
make: *** No rule to make target `all'.  Stop.

